{"asctime": "2025-03-25 20:12:49,726", "levelname": "INFO", "service": "user-service", "message": "Login attempt"}
{"asctime": "2025-03-25 20:18:42,641", "levelname": "INFO", "service": "user-service", "message": "Login attempt"}
{"asctime": "2025-03-25 20:19:10,971", "levelname": "INFO", "service": "user-service", "message": "Login attempt"}
{"asctime": "2025-03-26 00:52:51,321", "levelname": "INFO", "service": "user-service", "message": "Login attempt"}
{"asctime": "2025-03-26 00:54:34,290", "levelname": "INFO", "service": "user-service", "message": "Login attempt"}
{"asctime": "2025-03-26 00:55:40,282", "levelname": "INFO", "service": "user-service", "message": "Login attempt"}
{"asctime": "2025-03-26 00:58:21,561", "levelname": "INFO", "service": "user-service", "message": "Login attempt"}
{"asctime": "2025-03-26 01:19:26,181", "levelname": "INFO", "service": "user-service", "message": "Login attempt"}
{"asctime": "2025-03-26 01:26:49,647", "levelname": "INFO", "service": "user-service", "message": "Login attempt"}
{"asctime": "2025-03-26 01:26:51,177", "levelname": "INFO", "service": "user-service", "message": "Login attempt"}
{"asctime": "2025-03-26 01:28:40,148", "levelname": "INFO", "service": "user-service", "message": "Login attempt"}
{"asctime": "2025-03-26 01:28:41,752", "levelname": "INFO", "service": "user-service", "message": "Login attempt"}
{"asctime": "2025-03-26 01:29:20,673", "levelname": "INFO", "service": "user-service", "message": "Login attempt"}
{"asctime": "2025-03-26 01:29:26,097", "levelname": "INFO", "service": "user-service", "message": "Login attempt"}
{"asctime": "2025-03-26 01:33:21,322", "levelname": "INFO", "service": "user-service", "message": "Login attempt"}
{"asctime": "2025-03-26 01:33:51,578", "levelname": "INFO", "service": "user-service", "message": "Login attempt"}
{"asctime": "2025-03-26 01:35:18,477", "levelname": "INFO", "service": "user-service", "message": "Login attempt"}
{"asctime": "2025-04-07 20:10:01,784", "levelname": "INFO", "service": "user-service", "message": "Login attempt"}
{"asctime": "2025-04-07 20:19:34,935", "levelname": "INFO", "service": "user-service", "message": "Login attempt"}
{"asctime": "2025-04-07 20:19:58,915", "levelname": "INFO", "service": "user-service", "message": "Login attempt"}
{"asctime": "2025-04-07 20:20:18,798", "levelname": "INFO", "service": "user-service", "message": "Login attempt"}
{"asctime": "2025-04-07 20:22:46,386", "levelname": "INFO", "service": "user-service", "message": "Login attempt"}
{"asctime": "2025-04-07 20:23:18,661", "levelname": "INFO", "service": "user-service", "message": "Login attempt"}
{"asctime": "2025-04-08 01:35:41,122", "levelname": "INFO", "service": "user-service", "message": "Login attempt"}
{"asctime": "2025-04-11 18:03:43,266", "levelname": "INFO", "service": "user-service", "message": "Login attempt"}
{"asctime": "2025-04-11 20:33:04,589", "levelname": "INFO", "service": "user-service", "message": "Login attempt"}
{"asctime": "2025-04-12 18:25:49,176", "levelname": "INFO", "service": "user-service", "message": "Login attempt"}
{"asctime": "2025-04-12 18:26:27,766", "levelname": "INFO", "service": "user-service", "message": "Login attempt"}
{"asctime": "2025-04-12 18:27:57,319", "levelname": "INFO", "service": "user-service", "message": "Login attempt"}
{"asctime": "2025-04-12 18:29:04,806", "levelname": "INFO", "service": "user-service", "message": "Login attempt"}
{"asctime": "2025-04-12 18:32:23,418", "levelname": "INFO", "service": "user-service", "message": "Login attempt"}
{"asctime": "2025-04-12 18:32:58,408", "levelname": "INFO", "service": "user-service", "message": "Login attempt"}
{"asctime": "2025-04-12 18:33:15,501", "levelname": "INFO", "service": "user-service", "message": "Login attempt"}
{"asctime": "2025-04-12 18:34:52,640", "levelname": "INFO", "service": "user-service", "message": "Login attempt"}
{"asctime": "2025-04-12 18:37:18,230", "levelname": "INFO", "service": "user-service", "message": "Login attempt"}
{"asctime": "2025-04-12 18:37:23,801", "levelname": "INFO", "service": "user-service", "message": "Login attempt"}
{"asctime": "2025-04-12 18:37:57,813", "levelname": "INFO", "service": "user-service", "message": "Login attempt"}
{"asctime": "2025-04-12 18:44:48,848", "levelname": "INFO", "service": "user-service", "message": "Login attempt"}
{"asctime": "2025-04-12 19:27:59,422", "levelname": "INFO", "service": "user-service", "message": "Login attempt"}
{"asctime": "2025-04-12 20:16:15,644", "levelname": "INFO", "service": "user-service", "message": "Login attempt"}
{"asctime": "2025-04-12 21:28:11,380", "levelname": "INFO", "service": "user-service", "message": "Login attempt"}
{"asctime": "2025-04-12 21:33:53,200", "levelname": "INFO", "service": "user-service", "message": "Login attempt"}
{"asctime": "2025-04-07 20:10:01,784", "levelname": "INFO", "service": "user-service", "message": "Login attempt"}
{"asctime": "2025-04-07 20:19:34,935", "levelname": "INFO", "service": "user-service", "message": "Login attempt"}
{"asctime": "2025-04-07 20:19:58,915", "levelname": "INFO", "service": "user-service", "message": "Login attempt"}
{"asctime": "2025-04-07 20:20:18,798", "levelname": "INFO", "service": "user-service", "message": "Login attempt"}
{"asctime": "2025-04-07 20:22:46,386", "levelname": "INFO", "service": "user-service", "message": "Login attempt"}
{"asctime": "2025-04-07 20:23:18,661", "levelname": "INFO", "service": "user-service", "message": "Login attempt"}
{"asctime": "2025-04-08 01:35:41,122", "levelname": "INFO", "service": "user-service", "message": "Login attempt"}
{"asctime": "2025-04-11 18:03:43,266", "levelname": "INFO", "service": "user-service", "message": "Login attempt"}
{"asctime": "2025-04-11 20:33:04,589", "levelname": "INFO", "service": "user-service", "message": "Login attempt"}
{"asctime": "2025-04-12 18:25:49,176", "levelname": "INFO", "service": "user-service", "message": "Login attempt"}
{"asctime": "2025-04-12 18:26:27,766", "levelname": "INFO", "service": "user-service", "message": "Login attempt"}
{"asctime": "2025-04-12 18:27:57,319", "levelname": "INFO", "service": "user-service", "message": "Login attempt"}
{"asctime": "2025-04-12 18:29:04,806", "levelname": "INFO", "service": "user-service", "message": "Login attempt"}
{"asctime": "2025-04-12 18:32:23,418", "levelname": "INFO", "service": "user-service", "message": "Login attempt"}
{"asctime": "2025-04-12 18:32:58,408", "levelname": "INFO", "service": "user-service", "message": "Login attempt"}
{"asctime": "2025-04-12 18:33:15,501", "levelname": "INFO", "service": "user-service", "message": "Login attempt"}
{"asctime": "2025-04-12 18:34:52,640", "levelname": "INFO", "service": "user-service", "message": "Login attempt"}
{"asctime": "2025-04-12 18:37:18,230", "levelname": "INFO", "service": "user-service", "message": "Login attempt"}
{"asctime": "2025-04-12 18:37:23,801", "levelname": "INFO", "service": "user-service", "message": "Login attempt"}
{"asctime": "2025-04-12 18:37:57,813", "levelname": "INFO", "service": "user-service", "message": "Login attempt"}
{"asctime": "2025-04-12 18:44:48,848", "levelname": "INFO", "service": "user-service", "message": "Login attempt"}
{"asctime": "2025-04-12 19:27:59,422", "levelname": "INFO", "service": "user-service", "message": "Login attempt"}
{"asctime": "2025-04-12 20:16:15,644", "levelname": "INFO", "service": "user-service", "message": "Login attempt"}
{"asctime": "2025-04-12 21:28:11,380", "levelname": "INFO", "service": "user-service", "message": "Login attempt"}
{"asctime": "2025-04-12 21:33:53,200", "levelname": "INFO", "service": "user-service", "message": "Login attempt"}
{"asctime": "2025-04-13 01:01:50,059", "levelname": "INFO", "service": "user-service", "message": "Login attempt"}
{"asctime": "2025-04-13 01:18:10,782", "levelname": "INFO", "service": "user-service", "message": "Login attempt"}
{"asctime": "2025-04-13 01:48:16,459", "levelname": "INFO", "service": "user-service", "message": "Login attempt"}
{"asctime": "2025-04-13 02:01:56,540", "levelname": "INFO", "service": "user-service", "message": "Login attempt"}
{"asctime": "2025-04-13 19:05:52,667", "levelname": "INFO", "service": "user-service", "message": "Login attempt"}
{"asctime": "2025-04-13 23:13:05,363", "levelname": "INFO", "service": "user-service", "message": "Login attempt"}
{"asctime": "2025-04-13 23:16:22,221", "levelname": "INFO", "service": "user-service", "message": "Login attempt"}
{"asctime": "2025-04-13 23:21:13,042", "levelname": "INFO", "service": "user-service", "message": "Login attempt"}
{"asctime": "2025-04-14 15:59:37,001", "levelname": "INFO", "service": "user-service", "message": "Login attempt"}
{"asctime": "2025-04-14 16:10:22,357", "levelname": "INFO", "service": "user-service", "message": "Login attempt"}
{"asctime": "2025-04-14 16:13:36,745", "levelname": "INFO", "service": "user-service", "message": "Login attempt"}
{"asctime": "2025-04-14 16:15:25,678", "levelname": "INFO", "service": "user-service", "message": "Login attempt"}
{"asctime": "2025-04-14 16:16:35,385", "levelname": "INFO", "service": "user-service", "message": "Login attempt"}
{"asctime": "2025-04-14 16:19:50,488", "levelname": "INFO", "service": "user-service", "message": "Login attempt"}
{"asctime": "2025-04-14 16:39:15,003", "levelname": "INFO", "service": "user-service", "message": "Login attempt"}
{"asctime": "2025-04-14 18:40:05,694", "levelname": "INFO", "service": "user-service", "message": "Login attempt"}
{"asctime": "2025-04-14 20:13:12,657", "levelname": "INFO", "service": "user-service", "message": "Login attempt"}
{"asctime": "2025-04-14 20:14:57,260", "levelname": "INFO", "service": "user-service", "message": "Login attempt"}
{"asctime": "2025-04-14 20:40:16,964", "levelname": "INFO", "service": "user-service", "message": "Login attempt"}
{"asctime": "2025-04-17 17:43:21,390", "levelname": "INFO", "service": "user-service", "message": "Login attempt"}
{"asctime": "2025-04-17 17:43:30,871", "levelname": "INFO", "service": "user-service", "message": "Login attempt"}
{"asctime": "2025-04-17 17:44:04,168", "levelname": "INFO", "service": "user-service", "message": "Login attempt"}
{"asctime": "2025-04-17 17:44:58,449", "levelname": "INFO", "service": "user-service", "message": "Login attempt"}
{"asctime": "2025-04-17 17:45:18,170", "levelname": "INFO", "service": "user-service", "message": "Login attempt"}
{"asctime": "2025-04-17 17:45:39,632", "levelname": "INFO", "service": "user-service", "message": "Login attempt"}
{"asctime": "2025-04-17 18:00:17,206", "levelname": "INFO", "service": "user-service", "message": "Login attempt"}
{"asctime": "2025-04-17 18:00:52,692", "levelname": "INFO", "service": "user-service", "message": "Login attempt"}
{"asctime": "2025-04-17 18:00:58,841", "levelname": "INFO", "service": "user-service", "message": "Login attempt"}
{"asctime": "2025-04-17 18:01:08,480", "levelname": "INFO", "service": "user-service", "message": "Login attempt"}
{"asctime": "2025-04-17 18:01:14,030", "levelname": "INFO", "service": "user-service", "message": "Login attempt"}
{"asctime": "2025-04-17 18:01:20,011", "levelname": "INFO", "service": "user-service", "message": "Login attempt"}
{"asctime": "2025-04-17 18:15:28,564", "levelname": "INFO", "service": "user-service", "message": "Login attempt"}
{"asctime": "2025-04-17 18:37:26,869", "levelname": "INFO", "service": "user-service", "message": "Login attempt"}
{"asctime": "2025-04-17 19:06:04,772", "levelname": "INFO", "service": "user-service", "message": "Login attempt"}
{"asctime": "2025-04-17 19:06:10,523", "levelname": "INFO", "service": "user-service", "message": "Login attempt"}
{"asctime": "2025-04-17 19:31:54,316", "levelname": "INFO", "service": "user-service", "message": "Login attempt"}
{"asctime": "2025-04-17 19:34:45,439", "levelname": "INFO", "service": "user-service", "message": "Login attempt"}
{"asctime": "2025-04-17 19:48:13,159", "levelname": "INFO", "service": "user-service", "message": "Login attempt"}
{"asctime": "2025-04-17 20:16:47,750", "levelname": "INFO", "service": "user-service", "message": "Login attempt"}
{"asctime": "2025-04-17 21:39:31,664", "levelname": "INFO", "service": "user-service", "message": "Login attempt"}
{"asctime": "2025-04-17 21:44:20,592", "levelname": "INFO", "service": "user-service", "message": "Login attempt"}
{"asctime": "2025-04-17 21:45:08,308", "levelname": "INFO", "service": "user-service", "message": "Login attempt"}
{"asctime": "2025-04-17 21:55:54,463", "levelname": "INFO", "service": "user-service", "message": "Login attempt"}
{"asctime": "2025-04-17 22:48:35,483", "levelname": "INFO", "service": "user-service", "message": "Login attempt"}
{"asctime": "2025-04-17 23:15:31,473", "levelname": "INFO", "service": "user-service", "message": "Login attempt"}
{"asctime": "2025-04-17 23:42:15,713", "levelname": "INFO", "service": "user-service", "message": "Login attempt"}
{"asctime": "2025-04-18 00:09:08,990", "levelname": "INFO", "service": "user-service", "message": "Login attempt"}
{"asctime": "2025-04-18 00:10:06,747", "levelname": "INFO", "service": "user-service", "message": "Login attempt"}
{"asctime": "2025-04-18 00:35:19,120", "levelname": "INFO", "service": "user-service", "message": "Login attempt"}
{"asctime": "2025-04-18 01:05:36,819", "levelname": "INFO", "service": "user-service", "message": "Login attempt"}
{"asctime": "2025-04-18 01:14:12,834", "levelname": "INFO", "service": "user-service", "message": "Login attempt"}
{"asctime": "2025-04-18 01:16:20,159", "levelname": "INFO", "service": "user-service", "message": "Login attempt"}
{"asctime": "2025-04-18 17:21:28,826", "levelname": "INFO", "service": "user-service", "message": "Login attempt"}
{"asctime": "2025-04-18 17:22:17,929", "levelname": "INFO", "service": "user-service", "message": "Login attempt"}
{"asctime": "2025-04-18 17:51:31,462", "levelname": "INFO", "service": "user-service", "message": "Login attempt"}
{"asctime": "2025-04-18 17:51:34,184", "levelname": "INFO", "service": "user-service", "message": "Login attempt"}
{"asctime": "2025-04-18 17:51:38,155", "levelname": "INFO", "service": "user-service", "message": "Login attempt"}
{"asctime": "2025-04-18 17:53:43,179", "levelname": "INFO", "service": "user-service", "message": "Login attempt"}
{"asctime": "2025-04-18 17:53:57,214", "levelname": "INFO", "service": "user-service", "message": "Login attempt"}
{"asctime": "2025-04-18 17:54:06,453", "levelname": "INFO", "service": "user-service", "message": "Login attempt"}
{"asctime": "2025-04-18 17:54:13,102", "levelname": "INFO", "service": "user-service", "message": "Login attempt"}
{"asctime": "2025-04-18 18:01:59,239", "levelname": "INFO", "service": "user-service", "message": "Login attempt"}
{"asctime": "2025-04-18 18:07:37,432", "levelname": "INFO", "service": "user-service", "message": "Login attempt"}
{"asctime": "2025-04-18 18:24:39,075", "levelname": "INFO", "service": "user-service", "message": "Login attempt"}
{"asctime": "2025-04-18 18:41:43,040", "levelname": "INFO", "service": "user-service", "message": "Login attempt"}
{"asctime": "2025-04-19 23:05:21,618", "levelname": "INFO", "service": "user-service", "message": "POST /login"}
{"asctime": "2025-04-19 23:34:30,646", "levelname": "INFO", "service": "user-service", "message": "GET /profile"}
{"asctime": "2025-04-19 23:34:30,662", "levelname": "INFO", "service": "user-service", "message": "GET /profile"}
{"asctime": "2025-04-19 23:34:35,923", "levelname": "INFO", "service": "user-service", "message": "GET /profile"}
{"asctime": "2025-04-19 23:34:35,931", "levelname": "INFO", "service": "user-service", "message": "GET /profile"}
{"asctime": "2025-04-19 23:35:18,820", "levelname": "INFO", "service": "user-service", "message": "GET /profile"}
{"asctime": "2025-04-19 23:35:18,828", "levelname": "INFO", "service": "user-service", "message": "GET /profile"}
{"asctime": "2025-04-19 23:42:50,930", "levelname": "INFO", "service": "user-service", "message": "POST /login"}
{"asctime": "2025-04-19 23:52:28,687", "levelname": "INFO", "service": "user-service", "message": "GET /rewards/status"}
{"asctime": "2025-04-19 23:52:28,706", "levelname": "INFO", "service": "user-service", "message": "GET /rewards/status"}
{"asctime": "2025-04-19 23:52:33,193", "levelname": "INFO", "service": "user-service", "message": "GET /rewards/status"}
{"asctime": "2025-04-19 23:52:33,202", "levelname": "INFO", "service": "user-service", "message": "GET /rewards/status"}
{"asctime": "2025-04-19 23:52:59,796", "levelname": "INFO", "service": "user-service", "message": "GET /profile"}
{"asctime": "2025-04-19 23:52:59,804", "levelname": "INFO", "service": "user-service", "message": "GET /profile"}
{"asctime": "2025-04-19 23:59:56,957", "levelname": "INFO", "service": "user-service", "message": "POST /login"}
{"asctime": "2025-04-19 23:59:58,642", "levelname": "INFO", "service": "user-service", "message": "GET /userlist"}
{"asctime": "2025-04-19 23:59:58,650", "levelname": "INFO", "service": "user-service", "message": "GET /userlist"}
{"asctime": "2025-04-20 00:00:27,752", "levelname": "INFO", "service": "user-service", "message": "GET /userlist"}
{"asctime": "2025-04-20 00:00:30,754", "levelname": "INFO", "service": "user-service", "message": "GET /userlist"}
{"asctime": "2025-04-20 00:00:30,762", "levelname": "INFO", "service": "user-service", "message": "GET /userlist"}
{"asctime": "2025-04-20 00:00:40,319", "levelname": "INFO", "service": "user-service", "message": "GET /userlist"}
{"asctime": "2025-04-20 00:00:40,328", "levelname": "INFO", "service": "user-service", "message": "GET /userlist"}
{"asctime": "2025-04-20 00:00:44,430", "levelname": "INFO", "service": "user-service", "message": "GET /userlist"}
{"asctime": "2025-04-20 00:00:54,701", "levelname": "INFO", "service": "user-service", "message": "GET /userlist"}
{"asctime": "2025-04-20 00:01:00,499", "levelname": "INFO", "service": "user-service", "message": "GET /userlist"}
{"asctime": "2025-04-20 00:01:13,056", "levelname": "INFO", "service": "user-service", "message": "GET /profile"}
{"asctime": "2025-04-20 00:01:13,064", "levelname": "INFO", "service": "user-service", "message": "GET /profile"}
{"asctime": "2025-04-20 00:03:40,972", "levelname": "INFO", "service": "user-service", "message": "GET /profile"}
{"asctime": "2025-04-20 00:03:40,981", "levelname": "INFO", "service": "user-service", "message": "GET /profile"}
{"asctime": "2025-04-20 00:04:22,023", "levelname": "INFO", "service": "user-service", "message": "GET /profile"}
{"asctime": "2025-04-20 00:04:22,034", "levelname": "INFO", "service": "user-service", "message": "GET /profile"}
{"asctime": "2025-04-20 00:22:46,273", "levelname": "INFO", "service": "user-service", "message": "POST /login"}
{"asctime": "2025-04-20 00:37:39,487", "levelname": "INFO", "service": "user-service", "message": "GET /profile"}
{"asctime": "2025-04-20 00:37:39,498", "levelname": "INFO", "service": "user-service", "message": "GET /profile"}
{"asctime": "2025-04-20 00:38:44,814", "levelname": "INFO", "service": "user-service", "message": "GET /profile"}
{"asctime": "2025-04-20 00:38:44,826", "levelname": "INFO", "service": "user-service", "message": "GET /profile"}
{"asctime": "2025-04-20 00:45:50,244", "levelname": "INFO", "service": "user-service", "message": "GET /profile"}
{"asctime": "2025-04-20 00:45:50,256", "levelname": "INFO", "service": "user-service", "message": "GET /profile"}
{"asctime": "2025-04-20 00:50:24,197", "levelname": "INFO", "service": "user-service", "message": "GET /profile"}
{"asctime": "2025-04-20 00:50:24,262", "levelname": "INFO", "service": "user-service", "message": "GET /profile"}
{"asctime": "2025-04-20 00:52:11,313", "levelname": "INFO", "service": "user-service", "message": "GET /profile"}
{"asctime": "2025-04-20 00:52:11,365", "levelname": "INFO", "service": "user-service", "message": "GET /profile"}
{"asctime": "2025-04-20 01:08:43,086", "levelname": "INFO", "service": "user-service", "message": "POST /login"}
{"asctime": "2025-04-20 01:08:44,650", "levelname": "INFO", "service": "user-service", "message": "GET /profile"}
{"asctime": "2025-04-20 01:08:44,730", "levelname": "INFO", "service": "user-service", "message": "GET /profile"}
{"asctime": "2025-04-20 01:09:38,106", "levelname": "INFO", "service": "user-service", "message": "GET /profile"}
{"asctime": "2025-04-20 01:09:38,154", "levelname": "INFO", "service": "user-service", "message": "GET /profile"}
{"asctime": "2025-04-20 01:09:53,148", "levelname": "INFO", "service": "user-service", "message": "GET /profile"}
{"asctime": "2025-04-20 01:09:53,184", "levelname": "INFO", "service": "user-service", "message": "GET /profile"}
{"asctime": "2025-04-20 01:10:14,347", "levelname": "INFO", "service": "user-service", "message": "GET /profile"}
{"asctime": "2025-04-20 01:10:14,428", "levelname": "INFO", "service": "user-service", "message": "GET /profile"}
{"asctime": "2025-04-20 01:11:43,994", "levelname": "INFO", "service": "user-service", "message": "GET /profile"}
{"asctime": "2025-04-20 01:11:44,100", "levelname": "INFO", "service": "user-service", "message": "GET /profile"}
{"asctime": "2025-04-20 01:12:12,800", "levelname": "INFO", "service": "user-service", "message": "GET /profile"}
{"asctime": "2025-04-20 01:12:12,869", "levelname": "INFO", "service": "user-service", "message": "GET /profile"}
{"asctime": "2025-04-20 01:14:11,712", "levelname": "INFO", "service": "user-service", "message": "GET /profile"}
{"asctime": "2025-04-20 01:14:11,808", "levelname": "INFO", "service": "user-service", "message": "GET /profile"}
{"asctime": "2025-04-20 01:22:38,776", "levelname": "INFO", "service": "user-service", "message": "GET /profile"}
{"asctime": "2025-04-20 01:22:38,859", "levelname": "INFO", "service": "user-service", "message": "GET /profile"}
{"asctime": "2025-04-20 01:25:31,243", "levelname": "INFO", "service": "user-service", "message": "GET /profile"}
{"asctime": "2025-04-20 01:25:34,322", "levelname": "INFO", "service": "user-service", "message": "GET /profile"}
{"asctime": "2025-04-20 01:27:58,797", "levelname": "INFO", "service": "user-service", "message": "GET /profile"}
{"asctime": "2025-04-20 01:28:01,422", "levelname": "INFO", "service": "user-service", "message": "GET /profile"}
{"asctime": "2025-04-20 01:33:44,169", "levelname": "INFO", "service": "user-service", "message": "GET /profile"}
{"asctime": "2025-04-20 01:36:15,002", "levelname": "INFO", "service": "user-service", "message": "GET /profile"}
{"asctime": "2025-04-20 01:36:16,748", "levelname": "INFO", "service": "user-service", "message": "GET /profile"}
{"asctime": "2025-04-20 01:38:27,173", "levelname": "INFO", "service": "user-service", "message": "GET /profile"}
{"asctime": "2025-04-20 01:38:28,465", "levelname": "INFO", "service": "user-service", "message": "GET /profile"}
{"asctime": "2025-04-20 01:39:27,579", "levelname": "INFO", "service": "user-service", "message": "POST /login"}
{"asctime": "2025-04-20 01:39:33,041", "levelname": "INFO", "service": "user-service", "message": "GET /profile"}
{"asctime": "2025-04-20 01:39:34,083", "levelname": "INFO", "service": "user-service", "message": "GET /profile"}
